Using pre-set license
Built from '2020.3/staging' branch; Version is '2020.3.23f1 (c5d91304a876) revision 12966163'; Using compiler version '192528614'; Build Type 'Release'
OS: 'Windows 10 Home Single Language; OS build 19044.1387; Version 2009; 64bit' Language: 'en' Physical Memory: 7069 MB
BatchMode: 1, IsHumanControllingUs: 0, StartBugReporterOnCrash: 0, Is64bit: 1, IsPro: 0

COMMAND LINE ARGUMENTS:
F:\Unity\2020.3.23f1\Editor\Unity.exe
-adb2
-batchMode
-noUpm
-name
AssetImportWorker1
-projectPath
E:/CS222/Lab2/Lab2.2
-logFile
Logs/AssetImportWorker1.log
-srvPort
63339
Successfully changed project path to: E:/CS222/Lab2/Lab2.2
E:/CS222/Lab2/Lab2.2
Using Asset Import Pipeline V2.
Refreshing native plugins compatible for Editor in 77.85 ms, found 2 plugins.
Preloading 0 native plugins for Editor in 0.00 ms.
Initialize engine version: 2020.3.23f1 (c5d91304a876)
[Subsystems] Discovering subsystems at path F:/Unity/2020.3.23f1/Editor/Data/Resources/UnitySubsystems
[Subsystems] Discovering subsystems at path E:/CS222/Lab2/Lab2.2/Assets
GfxDevice: creating device client; threaded=0
Direct3D:
    Version:  Direct3D 11.0 [level 11.1]
    Renderer: AMD Radeon(TM) Vega 8 Graphics (ID=0x15dd)
    Vendor:   
    VRAM:     3534 MB
    Driver:   25.20.14016.1
Initialize mono
Mono path[0] = 'F:/Unity/2020.3.23f1/Editor/Data/Managed'
Mono path[1] = 'F:/Unity/2020.3.23f1/Editor/Data/MonoBleedingEdge/lib/mono/unityjit'
Mono config path = 'F:/Unity/2020.3.23f1/Editor/Data/MonoBleedingEdge/etc'
Using monoOptions --debugger-agent=transport=dt_socket,embedding=1,server=y,suspend=n,address=127.0.0.1:56528
Begin MonoManager ReloadAssembly
Registering precompiled unity dll's ...
Register platform support module: F:/Unity/2020.3.23f1/Editor/Data/PlaybackEngines/WebGLSupport/UnityEditor.WebGL.Extensions.dll
Register platform support module: F:/Unity/2020.3.23f1/Editor/Data/PlaybackEngines/WindowsStandaloneSupport/UnityEditor.WindowsStandalone.Extensions.dll
Registered in 0.001535 seconds.
Native extension for WindowsStandalone target not found
Native extension for WebGL target not found
Refreshing native plugins compatible for Editor in 70.40 ms, found 2 plugins.
Preloading 0 native plugins for Editor in 0.00 ms.
Mono: successfully reloaded assembly
- Completed reload, in  0.902 seconds
Domain Reload Profiling:
	ReloadAssembly (902ms)
		BeginReloadAssembly (78ms)
			ExecutionOrderSort (0ms)
			DisableScriptedObjects (0ms)
			BackupInstance (0ms)
			ReleaseScriptingObjects (0ms)
			CreateAndSetChildDomain (1ms)
		EndReloadAssembly (717ms)
			LoadAssemblies (77ms)
			RebuildTransferFunctionScriptingTraits (0ms)
			SetupTypeCache (236ms)
			ReleaseScriptCaches (0ms)
			RebuildScriptCaches (52ms)
			SetupLoadedEditorAssemblies (274ms)
				LogAssemblyErrors (0ms)
				InitializePlatformSupportModulesInManaged (8ms)
				SetLoadedEditorAssemblies (0ms)
				RefreshPlugins (71ms)
				BeforeProcessingInitializeOnLoad (20ms)
				ProcessInitializeOnLoadAttributes (129ms)
				ProcessInitializeOnLoadMethodAttributes (46ms)
				AfterProcessingInitializeOnLoad (0ms)
				EditorAssembliesLoaded (0ms)
			ExecutionOrderSort2 (0ms)
			AwakeInstancesAfterBackupRestoration (0ms)
Platform modules already initialized, skipping
Registering precompiled user dll's ...
Registered in 0.005769 seconds.
Begin MonoManager ReloadAssembly
Native extension for WindowsStandalone target not found
Native extension for WebGL target not found
Refreshing native plugins compatible for Editor in 100.68 ms, found 2 plugins.
Preloading 0 native plugins for Editor in 0.00 ms.
Mono: successfully reloaded assembly
- Completed reload, in  2.848 seconds
Domain Reload Profiling:
	ReloadAssembly (2849ms)
		BeginReloadAssembly (406ms)
			ExecutionOrderSort (0ms)
			DisableScriptedObjects (15ms)
			BackupInstance (0ms)
			ReleaseScriptingObjects (0ms)
			CreateAndSetChildDomain (88ms)
		EndReloadAssembly (2323ms)
			LoadAssemblies (700ms)
			RebuildTransferFunctionScriptingTraits (0ms)
			SetupTypeCache (626ms)
			ReleaseScriptCaches (1ms)
			RebuildScriptCaches (118ms)
			SetupLoadedEditorAssemblies (693ms)
				LogAssemblyErrors (0ms)
				InitializePlatformSupportModulesInManaged (8ms)
				SetLoadedEditorAssemblies (0ms)
				RefreshPlugins (101ms)
				BeforeProcessingInitializeOnLoad (148ms)
				ProcessInitializeOnLoadAttributes (366ms)
				ProcessInitializeOnLoadMethodAttributes (64ms)
				AfterProcessingInitializeOnLoad (5ms)
				EditorAssembliesLoaded (1ms)
			ExecutionOrderSort2 (0ms)
			AwakeInstancesAfterBackupRestoration (15ms)
Platform modules already initialized, skipping
========================================================================
Worker process is ready to serve import requests
Launched and connected shader compiler UnityShaderCompiler.exe after 0.38 seconds
Refreshing native plugins compatible for Editor in 0.78 ms, found 2 plugins.
Preloading 0 native plugins for Editor in 0.00 ms.
Unloading 2949 Unused Serialized files (Serialized files now loaded: 0)
System memory in use before: 132.3 MB.
System memory in use after: 132.5 MB.

Unloading 20 unused Assets to reduce memory usage. Loaded Objects now: 3384.
Total: 5.083000 ms (FindLiveObjects: 0.413000 ms CreateObjectMapping: 0.128600 ms MarkObjects: 4.393500 ms  DeleteObjects: 0.145800 ms)

AssetImportParameters requested are different than current active one (requested -> active):
  custom:framework-win-MediaFoundation: 216162199b28c13a410421893ffa2e32 -> 
  custom:video-decoder-ogg-theora: a1e56fd34408186e4bbccfd4996cb3dc -> 
  custom:container-muxer-webm: aa71ff27fc2769a1b78a27578f13a17b -> 
  custom:container-demuxer-webm: 4f35f7cbe854078d1ac9338744f61a02 -> 
  custom:container-demuxer-ogg: 62fdf1f143b41e24485cea50d1cbac27 -> 
  custom:video-encoder-webm-vp8: eb34c28f22e8b96e1ab97ce403110664 -> 
  custom:video-decoder-webm-vp8: 9c59270c3fd7afecdb556c50c9e8de78 -> 
  custom:audio-decoder-ogg-vorbis: bf7c407c2cedff20999df2af8eb42d56 -> 
  custom:audio-encoder-webm-vorbis: bf7c407c2cedff20999df2af8eb42d56 -> 
========================================================================
Received Import Request.
  path: Assets/MyShader/Char/mat
  artifactKey: Guid(a699ee6796f1a2145977fd0dbb2b5af9) Importer(815301076,1909f56bfc062723c751e8b465ee728b)
Start importing Assets/MyShader/Char/mat using Guid(a699ee6796f1a2145977fd0dbb2b5af9) Importer(815301076,1909f56bfc062723c751e8b465ee728b)  -> (artifact id: '6ad431d8727e3aa406d401c2ababc335') in 0.046118 seconds 
  Import took 0.173699 seconds .

========================================================================
Received Import Request.
  Time since last request: 75.747704 seconds.
  path: Assets/MyShader/Char/sut
  artifactKey: Guid(123e5a124bdf3554a89404caa3e00548) Importer(815301076,1909f56bfc062723c751e8b465ee728b)
Start importing Assets/MyShader/Char/sut using Guid(123e5a124bdf3554a89404caa3e00548) Importer(815301076,1909f56bfc062723c751e8b465ee728b)  -> (artifact id: 'd35218923d0aa5a75adb14d7b5ebaaa2') in 0.015508 seconds 
  Import took 0.067198 seconds .

========================================================================
Received Import Request.
  Time since last request: 13.116825 seconds.
  path: Assets/MyShader/Char/run
  artifactKey: Guid(0b21bd8ff161fe549a0bc35c73792c4c) Importer(815301076,1909f56bfc062723c751e8b465ee728b)
Start importing Assets/MyShader/Char/run using Guid(0b21bd8ff161fe549a0bc35c73792c4c) Importer(815301076,1909f56bfc062723c751e8b465ee728b)  -> (artifact id: '3a9d4cd3e2a39fe922cecdbb72128e06') in 0.011834 seconds 
  Import took 0.063720 seconds .

========================================================================
Received Import Request.
  Time since last request: 20.160424 seconds.
  path: Assets/MyShader/Char/run/Standing Run Forward.fbx
  artifactKey: Guid(805dbd9fa81e16847bb3c996fac83986) Importer(815301076,1909f56bfc062723c751e8b465ee728b)
Start importing Assets/MyShader/Char/run/Standing Run Forward.fbx using Guid(805dbd9fa81e16847bb3c996fac83986) Importer(815301076,1909f56bfc062723c751e8b465ee728b)  -> (artifact id: 'cd4742e2af323e6282a2634acc487fff') in 0.982839 seconds 
  Import took 1.078036 seconds .

========================================================================
Received Import Request.
  Time since last request: 135.525991 seconds.
  path: Assets/MyShader/water2/water2mm.mat
  artifactKey: Guid(9c74302071f283a4ea4ca11e4d6cdc84) Importer(815301076,1909f56bfc062723c751e8b465ee728b)
Start importing Assets/MyShader/water2/water2mm.mat using Guid(9c74302071f283a4ea4ca11e4d6cdc84) Importer(815301076,1909f56bfc062723c751e8b465ee728b)  -> (artifact id: '78d13997654311aa6c3199d8471b0f91') in 0.049082 seconds 
  Import took 0.091796 seconds .

========================================================================
Received Import Request.
  Time since last request: 4.900807 seconds.
  path: Assets/MyShader/Form/formRefr.mat
  artifactKey: Guid(96b7e23020aa90346a71ab22c7132a77) Importer(815301076,1909f56bfc062723c751e8b465ee728b)
Start importing Assets/MyShader/Form/formRefr.mat using Guid(96b7e23020aa90346a71ab22c7132a77) Importer(815301076,1909f56bfc062723c751e8b465ee728b)  -> (artifact id: 'c6a3e34d217065f5d8862d83ca3474dd') in 0.092413 seconds 
  Import took 0.127033 seconds .

========================================================================
Received Import Request.
  Time since last request: 293.952808 seconds.
  path: Assets/MyShader/Char/Sitting.fbx
  artifactKey: Guid(107e01c31a67ad9479132689e1b1edb5) Importer(815301076,1909f56bfc062723c751e8b465ee728b)
Start importing Assets/MyShader/Char/Sitting.fbx using Guid(107e01c31a67ad9479132689e1b1edb5) Importer(815301076,1909f56bfc062723c751e8b465ee728b)  -> (artifact id: '389d99a157ce20bac254622cda06a1ea') in 1.236455 seconds 
  Import took 1.291284 seconds .

========================================================================
Received Import Request.
  Time since last request: 107.134804 seconds.
  path: Assets/MyShader/Char/Sitting.fbx
  artifactKey: Guid(107e01c31a67ad9479132689e1b1edb5) Importer(815301076,1909f56bfc062723c751e8b465ee728b)
Start importing Assets/MyShader/Char/Sitting.fbx using Guid(107e01c31a67ad9479132689e1b1edb5) Importer(815301076,1909f56bfc062723c751e8b465ee728b)  -> (artifact id: '7455b5a3d281367f028cdd20b67af067') in 0.078404 seconds 
  Import took 0.156414 seconds .

========================================================================
Received Import Request.
  Time since last request: 13.210804 seconds.
  path: Assets/Stylized Environnement - Free Pack/Materials/crystal_01_M.mat
  artifactKey: Guid(393305ce71db44faa9c0d249c1e64205) Importer(815301076,1909f56bfc062723c751e8b465ee728b)
Start importing Assets/Stylized Environnement - Free Pack/Materials/crystal_01_M.mat using Guid(393305ce71db44faa9c0d249c1e64205) Importer(815301076,1909f56bfc062723c751e8b465ee728b)  -> (artifact id: 'ec999b85448f3aaad084ee258538f6fe') in 0.418343 seconds 
  Import took 0.449435 seconds .

========================================================================
Received Import Request.
  Time since last request: 0.000397 seconds.
  path: Assets/Stylized Environnement - Free Pack/Materials/rock_M.mat
  artifactKey: Guid(e81576c6e7f7f412abbdd3d7250398f1) Importer(815301076,1909f56bfc062723c751e8b465ee728b)
Start importing Assets/Stylized Environnement - Free Pack/Materials/rock_M.mat using Guid(e81576c6e7f7f412abbdd3d7250398f1) Importer(815301076,1909f56bfc062723c751e8b465ee728b)  -> (artifact id: '54e383f79cf67eccc8905640ebe69c6b') in 0.323329 seconds 
  Import took 0.363047 seconds .

========================================================================
Received Import Request.
  Time since last request: 0.000262 seconds.
  path: Assets/Stylized Environnement - Free Pack/Materials/grass_M.mat
  artifactKey: Guid(89fc86d151a0e41a7b2ced345d2fee6a) Importer(815301076,1909f56bfc062723c751e8b465ee728b)
Start importing Assets/Stylized Environnement - Free Pack/Materials/grass_M.mat using Guid(89fc86d151a0e41a7b2ced345d2fee6a) Importer(815301076,1909f56bfc062723c751e8b465ee728b)  -> (artifact id: '3f15d0aed4e8f21fcca1d5ce21d6c895') in 0.578546 seconds 
  Import took 0.592971 seconds .

========================================================================
Received Import Request.
  Time since last request: 0.000350 seconds.
  path: Assets/Stylized Environnement - Free Pack/Textures/terrain_grass/grass_M.mat
  artifactKey: Guid(8f485572a85b3452ab0943d2419b40f2) Importer(815301076,1909f56bfc062723c751e8b465ee728b)
Start importing Assets/Stylized Environnement - Free Pack/Textures/terrain_grass/grass_M.mat using Guid(8f485572a85b3452ab0943d2419b40f2) Importer(815301076,1909f56bfc062723c751e8b465ee728b)  -> (artifact id: '4a60b30fd9878a3594df0dd314f5146e') in 0.490100 seconds 
  Import took 0.509434 seconds .

========================================================================
Received Import Request.
  Time since last request: 0.000283 seconds.
  path: Assets/Stylized Environnement - Free Pack/Materials/trunk_M.mat
  artifactKey: Guid(353a4fe466f094c45933763a7dee1095) Importer(815301076,1909f56bfc062723c751e8b465ee728b)
Start importing Assets/Stylized Environnement - Free Pack/Materials/trunk_M.mat using Guid(353a4fe466f094c45933763a7dee1095) Importer(815301076,1909f56bfc062723c751e8b465ee728b)  -> (artifact id: 'e4efef6782c4ed4633147cf2c5d9f0b9') in 0.355449 seconds 
  Import took 0.365323 seconds .

========================================================================
Received Import Request.
  Time since last request: 0.000316 seconds.
  path: Assets/Stylized Environnement - Free Pack/Textures/Rocks/rock_02_M.mat
  artifactKey: Guid(c16fbb03e2971413d95bf829c750945b) Importer(815301076,1909f56bfc062723c751e8b465ee728b)
Start importing Assets/Stylized Environnement - Free Pack/Textures/Rocks/rock_02_M.mat using Guid(c16fbb03e2971413d95bf829c750945b) Importer(815301076,1909f56bfc062723c751e8b465ee728b)  -> (artifact id: 'fed2671a6bc768ec55f818130041992a') in 0.321573 seconds 
  Import took 0.328297 seconds .

========================================================================
Received Import Request.
  Time since last request: 0.000383 seconds.
  path: Assets/Stylized Environnement - Free Pack/Materials/Skybox.mat
  artifactKey: Guid(442fcf418098e4cc7be885f73f92d841) Importer(815301076,1909f56bfc062723c751e8b465ee728b)
Start importing Assets/Stylized Environnement - Free Pack/Materials/Skybox.mat using Guid(442fcf418098e4cc7be885f73f92d841) Importer(815301076,1909f56bfc062723c751e8b465ee728b)  -> (artifact id: '0305ab7e2abf6eaa100f4f3bb77a0ca8') in 0.482509 seconds 
  Import took 0.527774 seconds .

========================================================================
Received Import Request.
  Time since last request: 0.000308 seconds.
  path: Assets/Stylized Environnement - Free Pack/Materials/foliage_M.mat
  artifactKey: Guid(b2523a93ede2c4e818a99784887441a5) Importer(815301076,1909f56bfc062723c751e8b465ee728b)
Start importing Assets/Stylized Environnement - Free Pack/Materials/foliage_M.mat using Guid(b2523a93ede2c4e818a99784887441a5) Importer(815301076,1909f56bfc062723c751e8b465ee728b)  -> (artifact id: '7736eb9e8df09e776ed2d53030107299') in 0.290824 seconds 
  Import took 0.346848 seconds .

========================================================================
Received Import Request.
  Time since last request: 0.000444 seconds.
  path: Assets/Stylized Environnement - Free Pack/Textures/terrain_ground/ground_M.mat
  artifactKey: Guid(dc4c26d7a6d1744359080c1126d76643) Importer(815301076,1909f56bfc062723c751e8b465ee728b)
Start importing Assets/Stylized Environnement - Free Pack/Textures/terrain_ground/ground_M.mat using Guid(dc4c26d7a6d1744359080c1126d76643) Importer(815301076,1909f56bfc062723c751e8b465ee728b)  -> (artifact id: '60103e8997466a063f43c7b816e479aa') in 0.229840 seconds 
  Import took 0.260933 seconds .

========================================================================
Received Import Request.
  Time since last request: 31.183691 seconds.
  path: Assets/MyShader/Char/Sitting.fbx
  artifactKey: Guid(107e01c31a67ad9479132689e1b1edb5) Importer(815301076,1909f56bfc062723c751e8b465ee728b)
Start importing Assets/MyShader/Char/Sitting.fbx using Guid(107e01c31a67ad9479132689e1b1edb5) Importer(815301076,1909f56bfc062723c751e8b465ee728b)  -> (artifact id: 'c6d8ecf5424843888f483440254d3349') in 0.044608 seconds 
  Import took 0.052383 seconds .

========================================================================
Received Import Request.
  Time since last request: 3.163980 seconds.
  path: Assets/MyShader/Char/mat/Ch46_body.mat
  artifactKey: Guid(a015dfb8f0e527741bc7996f474a2faf) Importer(815301076,1909f56bfc062723c751e8b465ee728b)
Start importing Assets/MyShader/Char/mat/Ch46_body.mat using Guid(a015dfb8f0e527741bc7996f474a2faf) Importer(815301076,1909f56bfc062723c751e8b465ee728b)  -> (artifact id: 'da31be0750c22abc5eda96a609908395') in 0.036445 seconds 
  Import took 0.085182 seconds .

========================================================================
Received Import Request.
  Time since last request: 0.000355 seconds.
  path: Assets/MyShader/Form/formRefr.mat
  artifactKey: Guid(96b7e23020aa90346a71ab22c7132a77) Importer(815301076,1909f56bfc062723c751e8b465ee728b)
Start importing Assets/MyShader/Form/formRefr.mat using Guid(96b7e23020aa90346a71ab22c7132a77) Importer(815301076,1909f56bfc062723c751e8b465ee728b)  -> (artifact id: '66736dae32f659741904efe9f3c78277') in 0.026274 seconds 
  Import took 0.050544 seconds .

========================================================================
Received Import Request.
  Time since last request: 0.000366 seconds.
  path: Assets/MyShader/water2/water2mm.mat
  artifactKey: Guid(9c74302071f283a4ea4ca11e4d6cdc84) Importer(815301076,1909f56bfc062723c751e8b465ee728b)
Start importing Assets/MyShader/water2/water2mm.mat using Guid(9c74302071f283a4ea4ca11e4d6cdc84) Importer(815301076,1909f56bfc062723c751e8b465ee728b)  -> (artifact id: 'fd5bd33e7a92f800472b1326a1719c60') in 0.023581 seconds 
  Import took 0.045738 seconds .

========================================================================
Received Import Request.
  Time since last request: 16.868534 seconds.
  path: Assets/MyShader/Char/Sitting.fbx
  artifactKey: Guid(107e01c31a67ad9479132689e1b1edb5) Importer(815301076,1909f56bfc062723c751e8b465ee728b)
Start importing Assets/MyShader/Char/Sitting.fbx using Guid(107e01c31a67ad9479132689e1b1edb5) Importer(815301076,1909f56bfc062723c751e8b465ee728b)  -> (artifact id: '46d0cea05bebb3464d9d25d15b7a7b0c') in 0.082312 seconds 
  Import took 0.105499 seconds .

========================================================================
Received Import Request.
  Time since last request: 33.766304 seconds.
  path: Assets/MyShader/Char/sit.controller
  artifactKey: Guid(073a11ee0b54afc408185edc72c028ce) Importer(815301076,1909f56bfc062723c751e8b465ee728b)
Start importing Assets/MyShader/Char/sit.controller using Guid(073a11ee0b54afc408185edc72c028ce) Importer(815301076,1909f56bfc062723c751e8b465ee728b)  -> (artifact id: '07e9bfaeab2fabb699742c18c9e9654e') in 0.018776 seconds 
  Import took 0.063851 seconds .

========================================================================
Received Import Request.
  Time since last request: 20.902783 seconds.
  path: Assets/MyShader/Char/sit.controller
  artifactKey: Guid(073a11ee0b54afc408185edc72c028ce) Importer(815301076,1909f56bfc062723c751e8b465ee728b)
Start importing Assets/MyShader/Char/sit.controller using Guid(073a11ee0b54afc408185edc72c028ce) Importer(815301076,1909f56bfc062723c751e8b465ee728b)  -> (artifact id: '345dacbf048d2097f656ee0f4d6710ed') in 0.012821 seconds 
  Import took 0.036685 seconds .

========================================================================
Received Prepare
Registering precompiled user dll's ...
Registered in 0.485514 seconds.
Begin MonoManager ReloadAssembly
Native extension for WindowsStandalone target not found
Native extension for WebGL target not found
Refreshing native plugins compatible for Editor in 3.98 ms, found 2 plugins.
Preloading 0 native plugins for Editor in 0.00 ms.
Mono: successfully reloaded assembly
- Completed reload, in  4.746 seconds
Domain Reload Profiling:
	ReloadAssembly (4748ms)
		BeginReloadAssembly (370ms)
			ExecutionOrderSort (0ms)
			DisableScriptedObjects (24ms)
			BackupInstance (0ms)
			ReleaseScriptingObjects (1ms)
			CreateAndSetChildDomain (116ms)
		EndReloadAssembly (4211ms)
			LoadAssemblies (247ms)
			RebuildTransferFunctionScriptingTraits (0ms)
			SetupTypeCache (811ms)
			ReleaseScriptCaches (3ms)
			RebuildScriptCaches (174ms)
			SetupLoadedEditorAssemblies (1642ms)
				LogAssemblyErrors (0ms)
				InitializePlatformSupportModulesInManaged (26ms)
				SetLoadedEditorAssemblies (7ms)
				RefreshPlugins (4ms)
				BeforeProcessingInitializeOnLoad (736ms)
				ProcessInitializeOnLoadAttributes (816ms)
				ProcessInitializeOnLoadMethodAttributes (40ms)
				AfterProcessingInitializeOnLoad (11ms)
				EditorAssembliesLoaded (1ms)
			ExecutionOrderSort2 (0ms)
			AwakeInstancesAfterBackupRestoration (64ms)
Platform modules already initialized, skipping
Refreshing native plugins compatible for Editor in 2.07 ms, found 2 plugins.
Preloading 0 native plugins for Editor in 0.00 ms.
Unloading 2833 Unused Serialized files (Serialized files now loaded: 0)
System memory in use before: 143.5 MB.
System memory in use after: 143.7 MB.

Unloading 15 unused Assets to reduce memory usage. Loaded Objects now: 3469.
Total: 11.386600 ms (FindLiveObjects: 0.466100 ms CreateObjectMapping: 0.146500 ms MarkObjects: 10.708300 ms  DeleteObjects: 0.063000 ms)

AssetImportParameters requested are different than current active one (requested -> active):
  custom:framework-win-MediaFoundation: 216162199b28c13a410421893ffa2e32 -> 
  custom:video-decoder-ogg-theora: a1e56fd34408186e4bbccfd4996cb3dc -> 
  custom:container-muxer-webm: aa71ff27fc2769a1b78a27578f13a17b -> 
  custom:container-demuxer-webm: 4f35f7cbe854078d1ac9338744f61a02 -> 
  custom:container-demuxer-ogg: 62fdf1f143b41e24485cea50d1cbac27 -> 
  custom:video-encoder-webm-vp8: eb34c28f22e8b96e1ab97ce403110664 -> 
  custom:video-decoder-webm-vp8: 9c59270c3fd7afecdb556c50c9e8de78 -> 
  custom:audio-decoder-ogg-vorbis: bf7c407c2cedff20999df2af8eb42d56 -> 
  custom:audio-encoder-webm-vorbis: bf7c407c2cedff20999df2af8eb42d56 -> 
========================================================================
Received Import Request.
  Time since last request: 277.989534 seconds.
  path: Assets/MyShader/Char/Sitting.fbx
  artifactKey: Guid(107e01c31a67ad9479132689e1b1edb5) Importer(815301076,1909f56bfc062723c751e8b465ee728b)
Start importing Assets/MyShader/Char/Sitting.fbx using Guid(107e01c31a67ad9479132689e1b1edb5) Importer(815301076,1909f56bfc062723c751e8b465ee728b)  -> (artifact id: '3d543692f7d25de0494f0a1228ff41b1') in 0.649977 seconds 
  Import took 0.690005 seconds .

========================================================================
Received Import Request.
  Time since last request: 23.366875 seconds.
  path: Assets/MyShader/Char/sit
  artifactKey: Guid(087d88a0f2064304fbd81dd935e97690) Importer(815301076,1909f56bfc062723c751e8b465ee728b)
Start importing Assets/MyShader/Char/sit using Guid(087d88a0f2064304fbd81dd935e97690) Importer(815301076,1909f56bfc062723c751e8b465ee728b)  -> (artifact id: '5f1091e324c95d4046ee9b38f026b795') in 0.012931 seconds 
  Import took 0.041849 seconds .

========================================================================
Received Import Request.
  Time since last request: 25.854785 seconds.
  path: Assets/MyShader/Char/swim
  artifactKey: Guid(520b678d71e8efd419b1e334716683df) Importer(815301076,1909f56bfc062723c751e8b465ee728b)
Start importing Assets/MyShader/Char/swim using Guid(520b678d71e8efd419b1e334716683df) Importer(815301076,1909f56bfc062723c751e8b465ee728b)  -> (artifact id: 'af8c79623ef83f6d698b9008d8536a93') in 0.012364 seconds 
  Import took 0.047424 seconds .

========================================================================
Received Import Request.
  Time since last request: 0.045160 seconds.
  path: Assets/MyShader/Char/swim/Swimming To Edge.fbx
  artifactKey: Guid(e2f3be51646597d439eee03964adc3c9) Importer(815301076,1909f56bfc062723c751e8b465ee728b)
Start importing Assets/MyShader/Char/swim/Swimming To Edge.fbx using Guid(e2f3be51646597d439eee03964adc3c9) Importer(815301076,1909f56bfc062723c751e8b465ee728b)  -> (artifact id: '01a6163bd8c4e60b45f55c37703e115f') in 0.131860 seconds 
  Import took 0.151269 seconds .

========================================================================
Received Import Request.
  Time since last request: 18.483386 seconds.
  path: Assets/MyShader/Char/swim/Swimming To Edge.fbx
  artifactKey: Guid(e2f3be51646597d439eee03964adc3c9) Importer(815301076,1909f56bfc062723c751e8b465ee728b)
Start importing Assets/MyShader/Char/swim/Swimming To Edge.fbx using Guid(e2f3be51646597d439eee03964adc3c9) Importer(815301076,1909f56bfc062723c751e8b465ee728b)  -> (artifact id: 'b4c91232097104a022c3cf38c6e98173') in 0.063231 seconds 
  Import took 0.095927 seconds .

========================================================================
Received Import Request.
  Time since last request: 6.010713 seconds.
  path: Assets/MyShader/Char/swim/mat2
  artifactKey: Guid(c13b3d52597374f44a5aa97a9b287bd3) Importer(815301076,1909f56bfc062723c751e8b465ee728b)
Start importing Assets/MyShader/Char/swim/mat2 using Guid(c13b3d52597374f44a5aa97a9b287bd3) Importer(815301076,1909f56bfc062723c751e8b465ee728b)  -> (artifact id: '85f3c815422da044d537efa71e391f7e') in 0.011845 seconds 
  Import took 0.020191 seconds .

========================================================================
Received Import Request.
  Time since last request: 7.167801 seconds.
  path: Assets/MyShader/Char/swim/Swimming To Edge.fbx
  artifactKey: Guid(e2f3be51646597d439eee03964adc3c9) Importer(815301076,1909f56bfc062723c751e8b465ee728b)
Start importing Assets/MyShader/Char/swim/Swimming To Edge.fbx using Guid(e2f3be51646597d439eee03964adc3c9) Importer(815301076,1909f56bfc062723c751e8b465ee728b)  -> (artifact id: '3292c251fcf5724c1d0f49051d7fb822') in 0.051677 seconds 
  Import took 0.097582 seconds .

========================================================================
Received Import Request.
  Time since last request: 9.548395 seconds.
  path: Assets/MyShader/Char/swim/Swimming To Edge.fbx
  artifactKey: Guid(e2f3be51646597d439eee03964adc3c9) Importer(815301076,1909f56bfc062723c751e8b465ee728b)
Start importing Assets/MyShader/Char/swim/Swimming To Edge.fbx using Guid(e2f3be51646597d439eee03964adc3c9) Importer(815301076,1909f56bfc062723c751e8b465ee728b)  -> (artifact id: '94153838420682a58c9cb39c3ccafa36') in 0.059187 seconds 
  Import took 0.127546 seconds .

========================================================================
Received Import Request.
  Time since last request: 8.269411 seconds.
  path: Assets/MyShader/Char/swim/swim.controller
  artifactKey: Guid(66a56bf31e146764d9cb173e9613dc71) Importer(815301076,1909f56bfc062723c751e8b465ee728b)
Start importing Assets/MyShader/Char/swim/swim.controller using Guid(66a56bf31e146764d9cb173e9613dc71) Importer(815301076,1909f56bfc062723c751e8b465ee728b)  -> (artifact id: 'd907788170afe017885684e7264d863b') in 0.006461 seconds 
  Import took 0.018755 seconds .

========================================================================
Received Import Request.
  Time since last request: 153.685579 seconds.
  path: Assets/MyShader/Char/swim/Swimming To Edge.fbx
  artifactKey: Guid(e2f3be51646597d439eee03964adc3c9) Importer(815301076,1909f56bfc062723c751e8b465ee728b)
Start importing Assets/MyShader/Char/swim/Swimming To Edge.fbx using Guid(e2f3be51646597d439eee03964adc3c9) Importer(815301076,1909f56bfc062723c751e8b465ee728b)  -> (artifact id: '3737499e9eb33c1050feab577be5b719') in 0.070320 seconds 
  Import took 0.094213 seconds .

========================================================================
Received Import Request.
  Time since last request: 24.083517 seconds.
  path: Assets/MyShader/Char/swim/Swimming To Edge.fbx
  artifactKey: Guid(e2f3be51646597d439eee03964adc3c9) Importer(815301076,1909f56bfc062723c751e8b465ee728b)
Start importing Assets/MyShader/Char/swim/Swimming To Edge.fbx using Guid(e2f3be51646597d439eee03964adc3c9) Importer(815301076,1909f56bfc062723c751e8b465ee728b)  -> (artifact id: 'b641f35dd981eb2c465f6244ace313f6') in 0.053662 seconds 
  Import took 0.062944 seconds .

========================================================================
Received Import Request.
  Time since last request: 99.640011 seconds.
  path: Assets/MyShader/Char/swim/Swimming To Edge.fbx
  artifactKey: Guid(e2f3be51646597d439eee03964adc3c9) Importer(815301076,1909f56bfc062723c751e8b465ee728b)
Start importing Assets/MyShader/Char/swim/Swimming To Edge.fbx using Guid(e2f3be51646597d439eee03964adc3c9) Importer(815301076,1909f56bfc062723c751e8b465ee728b)  -> (artifact id: '0df0dbbc8e2a14c5e6362ba56eef8fe9') in 0.043138 seconds 
  Import took 0.092729 seconds .

========================================================================
Received Import Request.
  Time since last request: 9.166895 seconds.
  path: Assets/MyShader/Char/swim/Swimming To Edge.fbx
  artifactKey: Guid(e2f3be51646597d439eee03964adc3c9) Importer(815301076,1909f56bfc062723c751e8b465ee728b)
Start importing Assets/MyShader/Char/swim/Swimming To Edge.fbx using Guid(e2f3be51646597d439eee03964adc3c9) Importer(815301076,1909f56bfc062723c751e8b465ee728b)  -> (artifact id: 'c476f47971cc73cf9f5f7e2ecf17152b') in 0.062687 seconds 
  Import took 0.099145 seconds .

========================================================================
Received Import Request.
  Time since last request: 27.856472 seconds.
  path: Assets/MyShader/Char/swim/Swimming To Edge.fbx
  artifactKey: Guid(e2f3be51646597d439eee03964adc3c9) Importer(815301076,1909f56bfc062723c751e8b465ee728b)
Start importing Assets/MyShader/Char/swim/Swimming To Edge.fbx using Guid(e2f3be51646597d439eee03964adc3c9) Importer(815301076,1909f56bfc062723c751e8b465ee728b)  -> (artifact id: '8fa8478b9440926dd1600babe8984f49') in 0.071034 seconds 
  Import took 0.108973 seconds .

========================================================================
Received Prepare
Registering precompiled user dll's ...
Registered in 0.064607 seconds.
Begin MonoManager ReloadAssembly
Native extension for WindowsStandalone target not found
Native extension for WebGL target not found
Refreshing native plugins compatible for Editor in 0.76 ms, found 2 plugins.
Preloading 0 native plugins for Editor in 0.00 ms.
Mono: successfully reloaded assembly
- Completed reload, in  1.657 seconds
Domain Reload Profiling:
	ReloadAssembly (1657ms)
		BeginReloadAssembly (164ms)
			ExecutionOrderSort (0ms)
			DisableScriptedObjects (11ms)
			BackupInstance (0ms)
			ReleaseScriptingObjects (0ms)
			CreateAndSetChildDomain (59ms)
		EndReloadAssembly (1401ms)
			LoadAssemblies (134ms)
			RebuildTransferFunctionScriptingTraits (0ms)
			SetupTypeCache (477ms)
			ReleaseScriptCaches (2ms)
			RebuildScriptCaches (69ms)
			SetupLoadedEditorAssemblies (466ms)
				LogAssemblyErrors (0ms)
				InitializePlatformSupportModulesInManaged (6ms)
				SetLoadedEditorAssemblies (1ms)
				RefreshPlugins (1ms)
				BeforeProcessingInitializeOnLoad (147ms)
				ProcessInitializeOnLoadAttributes (294ms)
				ProcessInitializeOnLoadMethodAttributes (13ms)
				AfterProcessingInitializeOnLoad (4ms)
				EditorAssembliesLoaded (1ms)
			ExecutionOrderSort2 (0ms)
			AwakeInstancesAfterBackupRestoration (22ms)
Platform modules already initialized, skipping
Refreshing native plugins compatible for Editor in 0.92 ms, found 2 plugins.
Preloading 0 native plugins for Editor in 0.00 ms.
Unloading 2833 Unused Serialized files (Serialized files now loaded: 0)
System memory in use before: 143.7 MB.
System memory in use after: 143.9 MB.

Unloading 15 unused Assets to reduce memory usage. Loaded Objects now: 3507.
Total: 5.147000 ms (FindLiveObjects: 0.420900 ms CreateObjectMapping: 0.102200 ms MarkObjects: 4.585300 ms  DeleteObjects: 0.036100 ms)

AssetImportParameters requested are different than current active one (requested -> active):
  custom:framework-win-MediaFoundation: 216162199b28c13a410421893ffa2e32 -> 
  custom:video-decoder-ogg-theora: a1e56fd34408186e4bbccfd4996cb3dc -> 
  custom:container-muxer-webm: aa71ff27fc2769a1b78a27578f13a17b -> 
  custom:container-demuxer-webm: 4f35f7cbe854078d1ac9338744f61a02 -> 
  custom:container-demuxer-ogg: 62fdf1f143b41e24485cea50d1cbac27 -> 
  custom:video-encoder-webm-vp8: eb34c28f22e8b96e1ab97ce403110664 -> 
  custom:video-decoder-webm-vp8: 9c59270c3fd7afecdb556c50c9e8de78 -> 
  custom:audio-decoder-ogg-vorbis: bf7c407c2cedff20999df2af8eb42d56 -> 
  custom:audio-encoder-webm-vorbis: bf7c407c2cedff20999df2af8eb42d56 -> 
========================================================================
Received Import Request.
  Time since last request: 260.818245 seconds.
  path: Assets/MyShader/Char/sit/sit.controller
  artifactKey: Guid(073a11ee0b54afc408185edc72c028ce) Importer(815301076,1909f56bfc062723c751e8b465ee728b)
Start importing Assets/MyShader/Char/sit/sit.controller using Guid(073a11ee0b54afc408185edc72c028ce) Importer(815301076,1909f56bfc062723c751e8b465ee728b)  -> (artifact id: '2816810733a8e80dbd8c2ddedfc4b9fe') in 0.050020 seconds 
  Import took 0.108450 seconds .

========================================================================
Received Prepare
Registering precompiled user dll's ...
Registered in 0.005740 seconds.
Begin MonoManager ReloadAssembly
Native extension for WindowsStandalone target not found
Native extension for WebGL target not found
Refreshing native plugins compatible for Editor in 0.81 ms, found 2 plugins.
Preloading 0 native plugins for Editor in 0.00 ms.
Mono: successfully reloaded assembly
- Completed reload, in  1.879 seconds
Domain Reload Profiling:
	ReloadAssembly (1880ms)
		BeginReloadAssembly (181ms)
			ExecutionOrderSort (0ms)
			DisableScriptedObjects (7ms)
			BackupInstance (0ms)
			ReleaseScriptingObjects (0ms)
			CreateAndSetChildDomain (56ms)
		EndReloadAssembly (1595ms)
			LoadAssemblies (167ms)
			RebuildTransferFunctionScriptingTraits (0ms)
			SetupTypeCache (554ms)
			ReleaseScriptCaches (2ms)
			RebuildScriptCaches (70ms)
			SetupLoadedEditorAssemblies (542ms)
				LogAssemblyErrors (0ms)
				InitializePlatformSupportModulesInManaged (7ms)
				SetLoadedEditorAssemblies (1ms)
				RefreshPlugins (1ms)
				BeforeProcessingInitializeOnLoad (159ms)
				ProcessInitializeOnLoadAttributes (345ms)
				ProcessInitializeOnLoadMethodAttributes (20ms)
				AfterProcessingInitializeOnLoad (8ms)
				EditorAssembliesLoaded (1ms)
			ExecutionOrderSort2 (0ms)
			AwakeInstancesAfterBackupRestoration (35ms)
Platform modules already initialized, skipping
Refreshing native plugins compatible for Editor in 0.83 ms, found 2 plugins.
Preloading 0 native plugins for Editor in 0.00 ms.
Unloading 2833 Unused Serialized files (Serialized files now loaded: 0)
System memory in use before: 143.7 MB.
System memory in use after: 144.0 MB.

Unloading 15 unused Assets to reduce memory usage. Loaded Objects now: 3509.
Total: 6.409600 ms (FindLiveObjects: 0.480300 ms CreateObjectMapping: 0.216500 ms MarkObjects: 5.682200 ms  DeleteObjects: 0.028700 ms)

AssetImportParameters requested are different than current active one (requested -> active):
  custom:framework-win-MediaFoundation: 216162199b28c13a410421893ffa2e32 -> 
  custom:video-decoder-ogg-theora: a1e56fd34408186e4bbccfd4996cb3dc -> 
  custom:container-muxer-webm: aa71ff27fc2769a1b78a27578f13a17b -> 
  custom:container-demuxer-webm: 4f35f7cbe854078d1ac9338744f61a02 -> 
  custom:container-demuxer-ogg: 62fdf1f143b41e24485cea50d1cbac27 -> 
  custom:video-encoder-webm-vp8: eb34c28f22e8b96e1ab97ce403110664 -> 
  custom:video-decoder-webm-vp8: 9c59270c3fd7afecdb556c50c9e8de78 -> 
  custom:audio-decoder-ogg-vorbis: bf7c407c2cedff20999df2af8eb42d56 -> 
  custom:audio-encoder-webm-vorbis: bf7c407c2cedff20999df2af8eb42d56 -> 
========================================================================
Received Prepare
Registering precompiled user dll's ...
Registered in 0.006693 seconds.
Begin MonoManager ReloadAssembly
Native extension for WindowsStandalone target not found
Native extension for WebGL target not found
Refreshing native plugins compatible for Editor in 1.65 ms, found 2 plugins.
Preloading 0 native plugins for Editor in 0.00 ms.
Mono: successfully reloaded assembly
- Completed reload, in  2.640 seconds
Domain Reload Profiling:
	ReloadAssembly (2641ms)
		BeginReloadAssembly (253ms)
			ExecutionOrderSort (0ms)
			DisableScriptedObjects (11ms)
			BackupInstance (0ms)
			ReleaseScriptingObjects (0ms)
			CreateAndSetChildDomain (81ms)
		EndReloadAssembly (2235ms)
			LoadAssemblies (228ms)
			RebuildTransferFunctionScriptingTraits (0ms)
			SetupTypeCache (820ms)
			ReleaseScriptCaches (3ms)
			RebuildScriptCaches (102ms)
			SetupLoadedEditorAssemblies (708ms)
				LogAssemblyErrors (0ms)
				InitializePlatformSupportModulesInManaged (11ms)
				SetLoadedEditorAssemblies (2ms)
				RefreshPlugins (2ms)
				BeforeProcessingInitializeOnLoad (215ms)
				ProcessInitializeOnLoadAttributes (454ms)
				ProcessInitializeOnLoadMethodAttributes (19ms)
				AfterProcessingInitializeOnLoad (5ms)
				EditorAssembliesLoaded (1ms)
			ExecutionOrderSort2 (0ms)
			AwakeInstancesAfterBackupRestoration (43ms)
Platform modules already initialized, skipping
Refreshing native plugins compatible for Editor in 1.04 ms, found 2 plugins.
Preloading 0 native plugins for Editor in 0.00 ms.
Unloading 2833 Unused Serialized files (Serialized files now loaded: 0)
System memory in use before: 143.8 MB.
System memory in use after: 144.0 MB.

Unloading 15 unused Assets to reduce memory usage. Loaded Objects now: 3511.
Total: 7.518900 ms (FindLiveObjects: 0.605000 ms CreateObjectMapping: 0.184100 ms MarkObjects: 6.695100 ms  DeleteObjects: 0.032400 ms)

AssetImportParameters requested are different than current active one (requested -> active):
  custom:framework-win-MediaFoundation: 216162199b28c13a410421893ffa2e32 -> 
  custom:video-decoder-ogg-theora: a1e56fd34408186e4bbccfd4996cb3dc -> 
  custom:container-muxer-webm: aa71ff27fc2769a1b78a27578f13a17b -> 
  custom:container-demuxer-webm: 4f35f7cbe854078d1ac9338744f61a02 -> 
  custom:container-demuxer-ogg: 62fdf1f143b41e24485cea50d1cbac27 -> 
  custom:video-encoder-webm-vp8: eb34c28f22e8b96e1ab97ce403110664 -> 
  custom:video-decoder-webm-vp8: 9c59270c3fd7afecdb556c50c9e8de78 -> 
  custom:audio-decoder-ogg-vorbis: bf7c407c2cedff20999df2af8eb42d56 -> 
  custom:audio-encoder-webm-vorbis: bf7c407c2cedff20999df2af8eb42d56 -> 
========================================================================
Received Import Request.
  Time since last request: 277.405496 seconds.
  path: Assets/MyShader/Char/Sitting.fbx
  artifactKey: Guid(53cd46a3bb364c34a87bd91a65463b4f) Importer(815301076,1909f56bfc062723c751e8b465ee728b)
Start importing Assets/MyShader/Char/Sitting.fbx using Guid(53cd46a3bb364c34a87bd91a65463b4f) Importer(815301076,1909f56bfc062723c751e8b465ee728b)  -> (artifact id: '9b5f7f666d029d0fde0d1572b747a2a0') in 0.629848 seconds 
  Import took 0.660100 seconds .

========================================================================
Received Import Request.
  Time since last request: 8.099968 seconds.
  path: Assets/MyShader/Char/mat
  artifactKey: Guid(3e5faca0c01483a479bcca32aea0ee76) Importer(815301076,1909f56bfc062723c751e8b465ee728b)
Start importing Assets/MyShader/Char/mat using Guid(3e5faca0c01483a479bcca32aea0ee76) Importer(815301076,1909f56bfc062723c751e8b465ee728b)  -> (artifact id: '82ace3b7b2427d3a5e0304edc7dc4190') in 0.010985 seconds 
  Import took 0.020615 seconds .

========================================================================
Received Import Request.
  Time since last request: 8.847372 seconds.
  path: Assets/MyShader/Char/Sitting.fbx
  artifactKey: Guid(53cd46a3bb364c34a87bd91a65463b4f) Importer(815301076,1909f56bfc062723c751e8b465ee728b)
Start importing Assets/MyShader/Char/Sitting.fbx using Guid(53cd46a3bb364c34a87bd91a65463b4f) Importer(815301076,1909f56bfc062723c751e8b465ee728b)  -> (artifact id: '93e85914673cda26c48785bb14aa6a50') in 0.051897 seconds 
  Import took 0.058625 seconds .

========================================================================
Received Import Request.
  Time since last request: 9.498488 seconds.
  path: Assets/MyShader/Char/Sitting.fbx
  artifactKey: Guid(53cd46a3bb364c34a87bd91a65463b4f) Importer(815301076,1909f56bfc062723c751e8b465ee728b)
Start importing Assets/MyShader/Char/Sitting.fbx using Guid(53cd46a3bb364c34a87bd91a65463b4f) Importer(815301076,1909f56bfc062723c751e8b465ee728b)  -> (artifact id: '2a8dfb6a4bb75250e3d5592839558511') in 0.060815 seconds 
  Import took 0.080584 seconds .

========================================================================
Received Import Request.
  Time since last request: 14.394652 seconds.
  path: Assets/MyShader/Char/Sitting.fbx
  artifactKey: Guid(53cd46a3bb364c34a87bd91a65463b4f) Importer(815301076,1909f56bfc062723c751e8b465ee728b)
Start importing Assets/MyShader/Char/Sitting.fbx using Guid(53cd46a3bb364c34a87bd91a65463b4f) Importer(815301076,1909f56bfc062723c751e8b465ee728b)  -> (artifact id: 'dd6155ebff44da2ee435d8460074fc7e') in 0.055953 seconds 
  Import took 0.091443 seconds .

========================================================================
Received Import Request.
  Time since last request: 10.497986 seconds.
  path: Assets/MyShader/Char/sit.controller
  artifactKey: Guid(3025281aae41d4445ab1b75982c882fb) Importer(815301076,1909f56bfc062723c751e8b465ee728b)
Start importing Assets/MyShader/Char/sit.controller using Guid(3025281aae41d4445ab1b75982c882fb) Importer(815301076,1909f56bfc062723c751e8b465ee728b)  -> (artifact id: 'ffe8110aefd9bb553abb1fff27b85926') in 0.005839 seconds 
  Import took 0.013446 seconds .

========================================================================
Received Import Request.
  Time since last request: 70.271981 seconds.
  path: Assets/MyShader/Char/Sitting.fbx
  artifactKey: Guid(53cd46a3bb364c34a87bd91a65463b4f) Importer(815301076,1909f56bfc062723c751e8b465ee728b)
Start importing Assets/MyShader/Char/Sitting.fbx using Guid(53cd46a3bb364c34a87bd91a65463b4f) Importer(815301076,1909f56bfc062723c751e8b465ee728b)  -> (artifact id: '528ebaf4348f215cdb9daf512cdf11e2') in 0.078907 seconds 
  Import took 0.104039 seconds .

========================================================================
Received Import Request.
  Time since last request: 156.327147 seconds.
  path: Assets/MyShader/Char/sit.controller
  artifactKey: Guid(3025281aae41d4445ab1b75982c882fb) Importer(815301076,1909f56bfc062723c751e8b465ee728b)
Start importing Assets/MyShader/Char/sit.controller using Guid(3025281aae41d4445ab1b75982c882fb) Importer(815301076,1909f56bfc062723c751e8b465ee728b)  -> (artifact id: '4e0cd5e683322785a06187a9d2660ddc') in 0.005763 seconds 
  Import took 0.027482 seconds .

========================================================================
Received Prepare
Registering precompiled user dll's ...
Registered in 0.004332 seconds.
Begin MonoManager ReloadAssembly
Native extension for WindowsStandalone target not found
Native extension for WebGL target not found
Refreshing native plugins compatible for Editor in 0.72 ms, found 2 plugins.
Preloading 0 native plugins for Editor in 0.00 ms.
Mono: successfully reloaded assembly
- Completed reload, in  1.744 seconds
Domain Reload Profiling:
	ReloadAssembly (1745ms)
		BeginReloadAssembly (158ms)
			ExecutionOrderSort (0ms)
			DisableScriptedObjects (11ms)
			BackupInstance (0ms)
			ReleaseScriptingObjects (0ms)
			CreateAndSetChildDomain (51ms)
		EndReloadAssembly (1477ms)
			LoadAssemblies (125ms)
			RebuildTransferFunctionScriptingTraits (0ms)
			SetupTypeCache (547ms)
			ReleaseScriptCaches (2ms)
			RebuildScriptCaches (76ms)
			SetupLoadedEditorAssemblies (489ms)
				LogAssemblyErrors (0ms)
				InitializePlatformSupportModulesInManaged (6ms)
				SetLoadedEditorAssemblies (1ms)
				RefreshPlugins (1ms)
				BeforeProcessingInitializeOnLoad (153ms)
				ProcessInitializeOnLoadAttributes (314ms)
				ProcessInitializeOnLoadMethodAttributes (12ms)
				AfterProcessingInitializeOnLoad (3ms)
				EditorAssembliesLoaded (0ms)
			ExecutionOrderSort2 (0ms)
			AwakeInstancesAfterBackupRestoration (29ms)
Platform modules already initialized, skipping
Refreshing native plugins compatible for Editor in 0.77 ms, found 2 plugins.
Preloading 0 native plugins for Editor in 0.00 ms.
Unloading 2833 Unused Serialized files (Serialized files now loaded: 0)
System memory in use before: 143.9 MB.
System memory in use after: 144.1 MB.

Unloading 15 unused Assets to reduce memory usage. Loaded Objects now: 3549.
Total: 4.594000 ms (FindLiveObjects: 0.429900 ms CreateObjectMapping: 0.101900 ms MarkObjects: 4.031600 ms  DeleteObjects: 0.028900 ms)

AssetImportParameters requested are different than current active one (requested -> active):
  custom:framework-win-MediaFoundation: 216162199b28c13a410421893ffa2e32 -> 
  custom:video-decoder-ogg-theora: a1e56fd34408186e4bbccfd4996cb3dc -> 
  custom:container-muxer-webm: aa71ff27fc2769a1b78a27578f13a17b -> 
  custom:container-demuxer-webm: 4f35f7cbe854078d1ac9338744f61a02 -> 
  custom:container-demuxer-ogg: 62fdf1f143b41e24485cea50d1cbac27 -> 
  custom:video-encoder-webm-vp8: eb34c28f22e8b96e1ab97ce403110664 -> 
  custom:video-decoder-webm-vp8: 9c59270c3fd7afecdb556c50c9e8de78 -> 
  custom:audio-decoder-ogg-vorbis: bf7c407c2cedff20999df2af8eb42d56 -> 
  custom:audio-encoder-webm-vorbis: bf7c407c2cedff20999df2af8eb42d56 -> 
========================================================================
Received Prepare
Registering precompiled user dll's ...
Registered in 0.006833 seconds.
Begin MonoManager ReloadAssembly
Native extension for WindowsStandalone target not found
Native extension for WebGL target not found
Refreshing native plugins compatible for Editor in 1.46 ms, found 2 plugins.
Preloading 0 native plugins for Editor in 0.00 ms.
Mono: successfully reloaded assembly
- Completed reload, in  2.344 seconds
Domain Reload Profiling:
	ReloadAssembly (2345ms)
		BeginReloadAssembly (330ms)
			ExecutionOrderSort (0ms)
			DisableScriptedObjects (12ms)
			BackupInstance (0ms)
			ReleaseScriptingObjects (0ms)
			CreateAndSetChildDomain (98ms)
		EndReloadAssembly (1894ms)
			LoadAssemblies (196ms)
			RebuildTransferFunctionScriptingTraits (0ms)
			SetupTypeCache (666ms)
			ReleaseScriptCaches (2ms)
			RebuildScriptCaches (83ms)
			SetupLoadedEditorAssemblies (655ms)
				LogAssemblyErrors (0ms)
				InitializePlatformSupportModulesInManaged (11ms)
				SetLoadedEditorAssemblies (1ms)
				RefreshPlugins (2ms)
				BeforeProcessingInitializeOnLoad (274ms)
				ProcessInitializeOnLoadAttributes (344ms)
				ProcessInitializeOnLoadMethodAttributes (18ms)
				AfterProcessingInitializeOnLoad (4ms)
				EditorAssembliesLoaded (0ms)
			ExecutionOrderSort2 (0ms)
			AwakeInstancesAfterBackupRestoration (32ms)
Platform modules already initialized, skipping
Refreshing native plugins compatible for Editor in 0.83 ms, found 2 plugins.
Preloading 0 native plugins for Editor in 0.00 ms.
Unloading 2833 Unused Serialized files (Serialized files now loaded: 0)
System memory in use before: 143.9 MB.
System memory in use after: 144.1 MB.

Unloading 15 unused Assets to reduce memory usage. Loaded Objects now: 3551.
Total: 6.116200 ms (FindLiveObjects: 0.411400 ms CreateObjectMapping: 0.102500 ms MarkObjects: 5.558000 ms  DeleteObjects: 0.042100 ms)

AssetImportParameters requested are different than current active one (requested -> active):
  custom:framework-win-MediaFoundation: 216162199b28c13a410421893ffa2e32 -> 
  custom:video-decoder-ogg-theora: a1e56fd34408186e4bbccfd4996cb3dc -> 
  custom:container-muxer-webm: aa71ff27fc2769a1b78a27578f13a17b -> 
  custom:container-demuxer-webm: 4f35f7cbe854078d1ac9338744f61a02 -> 
  custom:container-demuxer-ogg: 62fdf1f143b41e24485cea50d1cbac27 -> 
  custom:video-encoder-webm-vp8: eb34c28f22e8b96e1ab97ce403110664 -> 
  custom:video-decoder-webm-vp8: 9c59270c3fd7afecdb556c50c9e8de78 -> 
  custom:audio-decoder-ogg-vorbis: bf7c407c2cedff20999df2af8eb42d56 -> 
  custom:audio-encoder-webm-vorbis: bf7c407c2cedff20999df2af8eb42d56 -> 
========================================================================
Received Prepare
Registering precompiled user dll's ...
Registered in 0.007794 seconds.
Begin MonoManager ReloadAssembly
Native extension for WindowsStandalone target not found
Native extension for WebGL target not found
Refreshing native plugins compatible for Editor in 1.60 ms, found 2 plugins.
Preloading 0 native plugins for Editor in 0.00 ms.
Mono: successfully reloaded assembly
- Completed reload, in  2.816 seconds
Domain Reload Profiling:
	ReloadAssembly (2817ms)
		BeginReloadAssembly (244ms)
			ExecutionOrderSort (0ms)
			DisableScriptedObjects (11ms)
			BackupInstance (0ms)
			ReleaseScriptingObjects (0ms)
			CreateAndSetChildDomain (75ms)
		EndReloadAssembly (2408ms)
			LoadAssemblies (250ms)
			RebuildTransferFunctionScriptingTraits (0ms)
			SetupTypeCache (818ms)
			ReleaseScriptCaches (4ms)
			RebuildScriptCaches (113ms)
			SetupLoadedEditorAssemblies (794ms)
				LogAssemblyErrors (0ms)
				InitializePlatformSupportModulesInManaged (10ms)
				SetLoadedEditorAssemblies (2ms)
				RefreshPlugins (2ms)
				BeforeProcessingInitializeOnLoad (241ms)
				ProcessInitializeOnLoadAttributes (513ms)
				ProcessInitializeOnLoadMethodAttributes (21ms)
				AfterProcessingInitializeOnLoad (5ms)
				EditorAssembliesLoaded (1ms)
			ExecutionOrderSort2 (0ms)
			AwakeInstancesAfterBackupRestoration (47ms)
Platform modules already initialized, skipping
Refreshing native plugins compatible for Editor in 1.18 ms, found 2 plugins.
Preloading 0 native plugins for Editor in 0.00 ms.
Unloading 2833 Unused Serialized files (Serialized files now loaded: 0)
System memory in use before: 143.9 MB.
System memory in use after: 144.1 MB.

Unloading 15 unused Assets to reduce memory usage. Loaded Objects now: 3553.
Total: 8.020900 ms (FindLiveObjects: 0.566500 ms CreateObjectMapping: 0.161600 ms MarkObjects: 7.250500 ms  DeleteObjects: 0.040100 ms)

AssetImportParameters requested are different than current active one (requested -> active):
  custom:framework-win-MediaFoundation: 216162199b28c13a410421893ffa2e32 -> 
  custom:video-decoder-ogg-theora: a1e56fd34408186e4bbccfd4996cb3dc -> 
  custom:container-muxer-webm: aa71ff27fc2769a1b78a27578f13a17b -> 
  custom:container-demuxer-webm: 4f35f7cbe854078d1ac9338744f61a02 -> 
  custom:container-demuxer-ogg: 62fdf1f143b41e24485cea50d1cbac27 -> 
  custom:video-encoder-webm-vp8: eb34c28f22e8b96e1ab97ce403110664 -> 
  custom:video-decoder-webm-vp8: 9c59270c3fd7afecdb556c50c9e8de78 -> 
  custom:audio-decoder-ogg-vorbis: bf7c407c2cedff20999df2af8eb42d56 -> 
  custom:audio-encoder-webm-vorbis: bf7c407c2cedff20999df2af8eb42d56 -> 
========================================================================
Received Import Request.
  Time since last request: 178.241693 seconds.
  path: Assets/MyShader/Char/sut/Sitting.fbx
  artifactKey: Guid(53cd46a3bb364c34a87bd91a65463b4f) Importer(815301076,1909f56bfc062723c751e8b465ee728b)
Start importing Assets/MyShader/Char/sut/Sitting.fbx using Guid(53cd46a3bb364c34a87bd91a65463b4f) Importer(815301076,1909f56bfc062723c751e8b465ee728b)  -> (artifact id: 'ba0e149f4b34a6bd28fb31d8bb46a565') in 0.579970 seconds 
  Import took 0.591910 seconds .

========================================================================
Received Prepare
Registering precompiled user dll's ...
Registered in 0.061183 seconds.
Begin MonoManager ReloadAssembly
Native extension for WindowsStandalone target not found
Native extension for WebGL target not found
Refreshing native plugins compatible for Editor in 0.85 ms, found 2 plugins.
Preloading 0 native plugins for Editor in 0.00 ms.
Mono: successfully reloaded assembly
- Completed reload, in  1.838 seconds
Domain Reload Profiling:
	ReloadAssembly (1838ms)
		BeginReloadAssembly (169ms)
			ExecutionOrderSort (0ms)
			DisableScriptedObjects (11ms)
			BackupInstance (0ms)
			ReleaseScriptingObjects (0ms)
			CreateAndSetChildDomain (58ms)
		EndReloadAssembly (1577ms)
			LoadAssemblies (135ms)
			RebuildTransferFunctionScriptingTraits (0ms)
			SetupTypeCache (483ms)
			ReleaseScriptCaches (2ms)
			RebuildScriptCaches (67ms)
			SetupLoadedEditorAssemblies (473ms)
				LogAssemblyErrors (0ms)
				InitializePlatformSupportModulesInManaged (7ms)
				SetLoadedEditorAssemblies (1ms)
				RefreshPlugins (1ms)
				BeforeProcessingInitializeOnLoad (153ms)
				ProcessInitializeOnLoadAttributes (295ms)
				ProcessInitializeOnLoadMethodAttributes (12ms)
				AfterProcessingInitializeOnLoad (3ms)
				EditorAssembliesLoaded (0ms)
			ExecutionOrderSort2 (0ms)
			AwakeInstancesAfterBackupRestoration (25ms)
Platform modules already initialized, skipping
Refreshing native plugins compatible for Editor in 1.35 ms, found 2 plugins.
Preloading 0 native plugins for Editor in 0.00 ms.
Unloading 2833 Unused Serialized files (Serialized files now loaded: 0)
System memory in use before: 144.0 MB.
System memory in use after: 144.3 MB.

Unloading 15 unused Assets to reduce memory usage. Loaded Objects now: 3591.
Total: 5.758500 ms (FindLiveObjects: 0.541200 ms CreateObjectMapping: 0.178900 ms MarkObjects: 5.001600 ms  DeleteObjects: 0.034100 ms)

AssetImportParameters requested are different than current active one (requested -> active):
  custom:framework-win-MediaFoundation: 216162199b28c13a410421893ffa2e32 -> 
  custom:video-decoder-ogg-theora: a1e56fd34408186e4bbccfd4996cb3dc -> 
  custom:container-muxer-webm: aa71ff27fc2769a1b78a27578f13a17b -> 
  custom:container-demuxer-webm: 4f35f7cbe854078d1ac9338744f61a02 -> 
  custom:container-demuxer-ogg: 62fdf1f143b41e24485cea50d1cbac27 -> 
  custom:video-encoder-webm-vp8: eb34c28f22e8b96e1ab97ce403110664 -> 
  custom:video-decoder-webm-vp8: 9c59270c3fd7afecdb556c50c9e8de78 -> 
  custom:audio-decoder-ogg-vorbis: bf7c407c2cedff20999df2af8eb42d56 -> 
  custom:audio-encoder-webm-vorbis: bf7c407c2cedff20999df2af8eb42d56 -> 
AssetImportWorkerClient::OnTransportError - code=2 error=End of file
