Using pre-set license
Built from '2020.3/staging' branch; Version is '2020.3.23f1 (c5d91304a876) revision 12966163'; Using compiler version '192528614'; Build Type 'Release'
OS: 'Windows 10 Home Single Language; OS build 19044.1387; Version 2009; 64bit' Language: 'en' Physical Memory: 7069 MB
BatchMode: 1, IsHumanControllingUs: 0, StartBugReporterOnCrash: 0, Is64bit: 1, IsPro: 0

COMMAND LINE ARGUMENTS:
F:\Unity\2020.3.23f1\Editor\Unity.exe
-adb2
-batchMode
-noUpm
-name
AssetImportWorker0
-projectPath
E:/CS222/Lab2/Lab2.2
-logFile
Logs/AssetImportWorker0.log
-srvPort
50917
Successfully changed project path to: E:/CS222/Lab2/Lab2.2
E:/CS222/Lab2/Lab2.2
Using Asset Import Pipeline V2.
Refreshing native plugins compatible for Editor in 98.31 ms, found 2 plugins.
Preloading 0 native plugins for Editor in 0.00 ms.
Initialize engine version: 2020.3.23f1 (c5d91304a876)
[Subsystems] Discovering subsystems at path F:/Unity/2020.3.23f1/Editor/Data/Resources/UnitySubsystems
[Subsystems] Discovering subsystems at path E:/CS222/Lab2/Lab2.2/Assets
GfxDevice: creating device client; threaded=0
Direct3D:
    Version:  Direct3D 11.0 [level 11.1]
    Renderer: AMD Radeon(TM) Vega 8 Graphics (ID=0x15dd)
    Vendor:   
    VRAM:     3534 MB
    Driver:   25.20.14016.1
Initialize mono
Mono path[0] = 'F:/Unity/2020.3.23f1/Editor/Data/Managed'
Mono path[1] = 'F:/Unity/2020.3.23f1/Editor/Data/MonoBleedingEdge/lib/mono/unityjit'
Mono config path = 'F:/Unity/2020.3.23f1/Editor/Data/MonoBleedingEdge/etc'
Using monoOptions --debugger-agent=transport=dt_socket,embedding=1,server=y,suspend=n,address=127.0.0.1:56560
Begin MonoManager ReloadAssembly
Registering precompiled unity dll's ...
Register platform support module: F:/Unity/2020.3.23f1/Editor/Data/PlaybackEngines/WebGLSupport/UnityEditor.WebGL.Extensions.dll
Register platform support module: F:/Unity/2020.3.23f1/Editor/Data/PlaybackEngines/WindowsStandaloneSupport/UnityEditor.WindowsStandalone.Extensions.dll
Registered in 0.002463 seconds.
Native extension for WindowsStandalone target not found
Native extension for WebGL target not found
Refreshing native plugins compatible for Editor in 87.99 ms, found 2 plugins.
Preloading 0 native plugins for Editor in 0.00 ms.
Mono: successfully reloaded assembly
- Completed reload, in  1.071 seconds
Domain Reload Profiling:
	ReloadAssembly (1071ms)
		BeginReloadAssembly (98ms)
			ExecutionOrderSort (0ms)
			DisableScriptedObjects (0ms)
			BackupInstance (0ms)
			ReleaseScriptingObjects (0ms)
			CreateAndSetChildDomain (1ms)
		EndReloadAssembly (825ms)
			LoadAssemblies (97ms)
			RebuildTransferFunctionScriptingTraits (0ms)
			SetupTypeCache (262ms)
			ReleaseScriptCaches (0ms)
			RebuildScriptCaches (51ms)
			SetupLoadedEditorAssemblies (320ms)
				LogAssemblyErrors (0ms)
				InitializePlatformSupportModulesInManaged (11ms)
				SetLoadedEditorAssemblies (0ms)
				RefreshPlugins (88ms)
				BeforeProcessingInitializeOnLoad (20ms)
				ProcessInitializeOnLoadAttributes (145ms)
				ProcessInitializeOnLoadMethodAttributes (56ms)
				AfterProcessingInitializeOnLoad (0ms)
				EditorAssembliesLoaded (0ms)
			ExecutionOrderSort2 (0ms)
			AwakeInstancesAfterBackupRestoration (0ms)
Platform modules already initialized, skipping
Registering precompiled user dll's ...
Registered in 0.006104 seconds.
Begin MonoManager ReloadAssembly
Native extension for WindowsStandalone target not found
Native extension for WebGL target not found
Refreshing native plugins compatible for Editor in 92.97 ms, found 2 plugins.
Preloading 0 native plugins for Editor in 0.00 ms.
Mono: successfully reloaded assembly
- Completed reload, in  2.153 seconds
Domain Reload Profiling:
	ReloadAssembly (2154ms)
		BeginReloadAssembly (250ms)
			ExecutionOrderSort (0ms)
			DisableScriptedObjects (9ms)
			BackupInstance (0ms)
			ReleaseScriptingObjects (0ms)
			CreateAndSetChildDomain (32ms)
		EndReloadAssembly (1813ms)
			LoadAssemblies (148ms)
			RebuildTransferFunctionScriptingTraits (0ms)
			SetupTypeCache (662ms)
			ReleaseScriptCaches (1ms)
			RebuildScriptCaches (87ms)
			SetupLoadedEditorAssemblies (669ms)
				LogAssemblyErrors (0ms)
				InitializePlatformSupportModulesInManaged (12ms)
				SetLoadedEditorAssemblies (1ms)
				RefreshPlugins (93ms)
				BeforeProcessingInitializeOnLoad (140ms)
				ProcessInitializeOnLoadAttributes (398ms)
				ProcessInitializeOnLoadMethodAttributes (20ms)
				AfterProcessingInitializeOnLoad (4ms)
				EditorAssembliesLoaded (0ms)
			ExecutionOrderSort2 (0ms)
			AwakeInstancesAfterBackupRestoration (14ms)
Platform modules already initialized, skipping
========================================================================
Worker process is ready to serve import requests
Launched and connected shader compiler UnityShaderCompiler.exe after 0.12 seconds
Refreshing native plugins compatible for Editor in 1.15 ms, found 2 plugins.
Preloading 0 native plugins for Editor in 0.00 ms.
Unloading 2948 Unused Serialized files (Serialized files now loaded: 0)
System memory in use before: 131.5 MB.
System memory in use after: 131.7 MB.

Unloading 20 unused Assets to reduce memory usage. Loaded Objects now: 3382.
Total: 6.383700 ms (FindLiveObjects: 0.551100 ms CreateObjectMapping: 0.153800 ms MarkObjects: 5.514300 ms  DeleteObjects: 0.162400 ms)

AssetImportParameters requested are different than current active one (requested -> active):
  custom:framework-win-MediaFoundation: 216162199b28c13a410421893ffa2e32 -> 
  custom:video-decoder-ogg-theora: a1e56fd34408186e4bbccfd4996cb3dc -> 
  custom:container-muxer-webm: aa71ff27fc2769a1b78a27578f13a17b -> 
  custom:container-demuxer-webm: 4f35f7cbe854078d1ac9338744f61a02 -> 
  custom:container-demuxer-ogg: 62fdf1f143b41e24485cea50d1cbac27 -> 
  custom:video-encoder-webm-vp8: eb34c28f22e8b96e1ab97ce403110664 -> 
  custom:video-decoder-webm-vp8: 9c59270c3fd7afecdb556c50c9e8de78 -> 
  custom:audio-decoder-ogg-vorbis: bf7c407c2cedff20999df2af8eb42d56 -> 
  custom:audio-encoder-webm-vorbis: bf7c407c2cedff20999df2af8eb42d56 -> 
========================================================================
Received Import Request.
  path: Assets/MyShader/formRefr.mat
  artifactKey: Guid(96b7e23020aa90346a71ab22c7132a77) Importer(815301076,1909f56bfc062723c751e8b465ee728b)
Start importing Assets/MyShader/formRefr.mat using Guid(96b7e23020aa90346a71ab22c7132a77) Importer(815301076,1909f56bfc062723c751e8b465ee728b)  -> (artifact id: '9ba4762ea098faf8ccd39b1a8660d185') in 1.111011 seconds 
  Import took 1.149076 seconds .

========================================================================
Received Import Request.
  Time since last request: 22.483865 seconds.
  path: Assets/MyShader/Movment.shadergraph
  artifactKey: Guid(c5a76880641be544a8187d3712f7cba5) Importer(815301076,1909f56bfc062723c751e8b465ee728b)
Start importing Assets/MyShader/Movment.shadergraph using Guid(c5a76880641be544a8187d3712f7cba5) Importer(815301076,1909f56bfc062723c751e8b465ee728b)  -> (artifact id: '8a9e5dd142950d7917593c670fd5c822') in 0.015224 seconds 
  Import took 0.024182 seconds .

========================================================================
Received Import Request.
  Time since last request: 4.014112 seconds.
  path: Assets/MyShader/FormRefr..shadergraph
  artifactKey: Guid(694a3c47f9b3a494487223bf827d36c5) Importer(815301076,1909f56bfc062723c751e8b465ee728b)
Start importing Assets/MyShader/FormRefr..shadergraph using Guid(694a3c47f9b3a494487223bf827d36c5) Importer(815301076,1909f56bfc062723c751e8b465ee728b)  -> (artifact id: 'b31438f86e0fe482009f605494bbb860') in 0.003769 seconds 
  Import took 0.069012 seconds .

========================================================================
Received Import Request.
  Time since last request: 177.097165 seconds.
  path: Assets/MyShader/Movement2.shadergraph
  artifactKey: Guid(d4e5a6b11f4307e42bf6264d5c0ceee5) Importer(815301076,1909f56bfc062723c751e8b465ee728b)
Start importing Assets/MyShader/Movement2.shadergraph using Guid(d4e5a6b11f4307e42bf6264d5c0ceee5) Importer(815301076,1909f56bfc062723c751e8b465ee728b)  -> (artifact id: '3c84b640285d51c9782dbd016ca3e3df') in 0.013920 seconds 
  Import took 0.022186 seconds .

========================================================================
Received Import Request.
  Time since last request: 51.913141 seconds.
  path: Assets/MyShader/Movement2.shadersubgraph
  artifactKey: Guid(cb98d0f06bda42a4f9dacdf70b806acd) Importer(815301076,1909f56bfc062723c751e8b465ee728b)
Start importing Assets/MyShader/Movement2.shadersubgraph using Guid(cb98d0f06bda42a4f9dacdf70b806acd) Importer(815301076,1909f56bfc062723c751e8b465ee728b)  -> (artifact id: 'af7399c49ce5145e73ea02204d14ea9b') in 0.042853 seconds 
  Import took 0.107829 seconds .

========================================================================
Received Import Request.
  Time since last request: 4.643204 seconds.
  path: Assets/MyShader/Movement2.shadergraph
  artifactKey: Guid(d4e5a6b11f4307e42bf6264d5c0ceee5) Importer(815301076,1909f56bfc062723c751e8b465ee728b)
Start importing Assets/MyShader/Movement2.shadergraph using Guid(d4e5a6b11f4307e42bf6264d5c0ceee5) Importer(815301076,1909f56bfc062723c751e8b465ee728b)  -> (artifact id: 'ec6b0d5fb6ab6b69137d419459a83d38') in 0.005698 seconds 
  Import took 0.012712 seconds .

========================================================================
Received Import Request.
  Time since last request: 132.104703 seconds.
  path: Assets/MyShader/Movement2.shadersubgraph
  artifactKey: Guid(cb98d0f06bda42a4f9dacdf70b806acd) Importer(815301076,1909f56bfc062723c751e8b465ee728b)
Start importing Assets/MyShader/Movement2.shadersubgraph using Guid(cb98d0f06bda42a4f9dacdf70b806acd) Importer(815301076,1909f56bfc062723c751e8b465ee728b)  -> (artifact id: 'bc0537eba015a7990f97a63df6b343f6') in 0.005985 seconds 
  Import took 0.053472 seconds .

========================================================================
Received Import Request.
  Time since last request: 0.000445 seconds.
  path: Assets/MyShader/Movement2.shadergraph
  artifactKey: Guid(d4e5a6b11f4307e42bf6264d5c0ceee5) Importer(815301076,1909f56bfc062723c751e8b465ee728b)
Start importing Assets/MyShader/Movement2.shadergraph using Guid(d4e5a6b11f4307e42bf6264d5c0ceee5) Importer(815301076,1909f56bfc062723c751e8b465ee728b)  -> (artifact id: 'de3c944d13006bd46bbaa244d881c17d') in 0.006319 seconds 
  Import took 0.032423 seconds .

========================================================================
Received Import Request.
  Time since last request: 10.320855 seconds.
  path: Assets/MyShader/Movement2.shadergraph
  artifactKey: Guid(d4e5a6b11f4307e42bf6264d5c0ceee5) Importer(815301076,1909f56bfc062723c751e8b465ee728b)
Start importing Assets/MyShader/Movement2.shadergraph using Guid(d4e5a6b11f4307e42bf6264d5c0ceee5) Importer(815301076,1909f56bfc062723c751e8b465ee728b)  -> (artifact id: 'b97a464afaf4791fa7409bcab5b944fb') in 0.004708 seconds 
  Import took 0.012792 seconds .

========================================================================
Received Import Request.
  Time since last request: 2.714848 seconds.
  path: Assets/MyShader/Movement2.shadersubgraph
  artifactKey: Guid(cb98d0f06bda42a4f9dacdf70b806acd) Importer(815301076,1909f56bfc062723c751e8b465ee728b)
Start importing Assets/MyShader/Movement2.shadersubgraph using Guid(cb98d0f06bda42a4f9dacdf70b806acd) Importer(815301076,1909f56bfc062723c751e8b465ee728b)  -> (artifact id: 'a95d09d855b77b80ead0633c46370bc7') in 0.004412 seconds 
  Import took 0.018266 seconds .

========================================================================
Received Import Request.
  Time since last request: 0.000378 seconds.
  path: Assets/MyShader/Movement2.shadergraph
  artifactKey: Guid(d4e5a6b11f4307e42bf6264d5c0ceee5) Importer(815301076,1909f56bfc062723c751e8b465ee728b)
Start importing Assets/MyShader/Movement2.shadergraph using Guid(d4e5a6b11f4307e42bf6264d5c0ceee5) Importer(815301076,1909f56bfc062723c751e8b465ee728b)  -> (artifact id: '4c51865c590b41c7c0b1f071d677e884') in 0.007059 seconds 
  Import took 0.037629 seconds .

========================================================================
Received Import Request.
  Time since last request: 103.285837 seconds.
  path: Assets/MyShader/Movement2
  artifactKey: Guid(ee74111a926c4a444a7ab1a5b636e569) Importer(815301076,1909f56bfc062723c751e8b465ee728b)
Start importing Assets/MyShader/Movement2 using Guid(ee74111a926c4a444a7ab1a5b636e569) Importer(815301076,1909f56bfc062723c751e8b465ee728b)  -> (artifact id: 'db202368fb72b45c38ddc2b8b7ae2bb5') in 0.003156 seconds 
  Import took 0.014114 seconds .

========================================================================
Received Import Request.
  Time since last request: 218.229841 seconds.
  path: Assets/MyShader/FormRefr..shadergraph
  artifactKey: Guid(694a3c47f9b3a494487223bf827d36c5) Importer(815301076,1909f56bfc062723c751e8b465ee728b)
Start importing Assets/MyShader/FormRefr..shadergraph using Guid(694a3c47f9b3a494487223bf827d36c5) Importer(815301076,1909f56bfc062723c751e8b465ee728b)  -> (artifact id: '92e29e92f8a1cce8de0721c9097dae35') in 0.004388 seconds 
  Import took 0.057943 seconds .

========================================================================
Received Prepare
Registering precompiled user dll's ...
Registered in 0.004452 seconds.
Begin MonoManager ReloadAssembly
Native extension for WindowsStandalone target not found
Native extension for WebGL target not found
Refreshing native plugins compatible for Editor in 0.77 ms, found 2 plugins.
Preloading 0 native plugins for Editor in 0.00 ms.
Mono: successfully reloaded assembly
- Completed reload, in  2.078 seconds
Domain Reload Profiling:
	ReloadAssembly (2079ms)
		BeginReloadAssembly (206ms)
			ExecutionOrderSort (0ms)
			DisableScriptedObjects (10ms)
			BackupInstance (0ms)
			ReleaseScriptingObjects (0ms)
			CreateAndSetChildDomain (62ms)
		EndReloadAssembly (1725ms)
			LoadAssemblies (172ms)
			RebuildTransferFunctionScriptingTraits (0ms)
			SetupTypeCache (651ms)
			ReleaseScriptCaches (2ms)
			RebuildScriptCaches (86ms)
			SetupLoadedEditorAssemblies (525ms)
				LogAssemblyErrors (0ms)
				InitializePlatformSupportModulesInManaged (8ms)
				SetLoadedEditorAssemblies (1ms)
				RefreshPlugins (1ms)
				BeforeProcessingInitializeOnLoad (151ms)
				ProcessInitializeOnLoadAttributes (339ms)
				ProcessInitializeOnLoadMethodAttributes (20ms)
				AfterProcessingInitializeOnLoad (4ms)
				EditorAssembliesLoaded (1ms)
			ExecutionOrderSort2 (0ms)
			AwakeInstancesAfterBackupRestoration (37ms)
Platform modules already initialized, skipping
Refreshing native plugins compatible for Editor in 1.10 ms, found 2 plugins.
Preloading 0 native plugins for Editor in 0.00 ms.
Unloading 2833 Unused Serialized files (Serialized files now loaded: 0)
System memory in use before: 129.2 MB.
System memory in use after: 129.4 MB.

Unloading 15 unused Assets to reduce memory usage. Loaded Objects now: 3463.
Total: 6.224500 ms (FindLiveObjects: 0.527800 ms CreateObjectMapping: 0.177700 ms MarkObjects: 5.477300 ms  DeleteObjects: 0.039500 ms)

AssetImportParameters requested are different than current active one (requested -> active):
  custom:framework-win-MediaFoundation: 216162199b28c13a410421893ffa2e32 -> 
  custom:video-decoder-ogg-theora: a1e56fd34408186e4bbccfd4996cb3dc -> 
  custom:container-muxer-webm: aa71ff27fc2769a1b78a27578f13a17b -> 
  custom:container-demuxer-webm: 4f35f7cbe854078d1ac9338744f61a02 -> 
  custom:container-demuxer-ogg: 62fdf1f143b41e24485cea50d1cbac27 -> 
  custom:video-encoder-webm-vp8: eb34c28f22e8b96e1ab97ce403110664 -> 
  custom:video-decoder-webm-vp8: 9c59270c3fd7afecdb556c50c9e8de78 -> 
  custom:audio-decoder-ogg-vorbis: bf7c407c2cedff20999df2af8eb42d56 -> 
  custom:audio-encoder-webm-vorbis: bf7c407c2cedff20999df2af8eb42d56 -> 
========================================================================
Received Import Request.
  Time since last request: 120.161668 seconds.
  path: Assets/MyShader/Form
  artifactKey: Guid(44a2393c2c8f7cb42bcf3e0f5685791b) Importer(815301076,1909f56bfc062723c751e8b465ee728b)
Start importing Assets/MyShader/Form using Guid(44a2393c2c8f7cb42bcf3e0f5685791b) Importer(815301076,1909f56bfc062723c751e8b465ee728b)  -> (artifact id: 'e573bc0cb92e377b5526dc7b9a952b2e') in 0.015221 seconds 
  Import took 0.044464 seconds .

========================================================================
Received Import Request.
  Time since last request: 243.762476 seconds.
  path: Assets/MyShader/Treading Water.fbx
  artifactKey: Guid(313b9e4efb3e1864b87f3c97358fb659) Importer(815301076,1909f56bfc062723c751e8b465ee728b)
Start importing Assets/MyShader/Treading Water.fbx using Guid(313b9e4efb3e1864b87f3c97358fb659) Importer(815301076,1909f56bfc062723c751e8b465ee728b)  -> (artifact id: '4b1d421c72b6c71887b9e560d3ae8a92') in 0.743833 seconds 
  Import took 0.785876 seconds .

========================================================================
Received Import Request.
  Time since last request: 839.685366 seconds.
  path: Assets/MyShader/Char
  artifactKey: Guid(6b90ecc6667e06a4db17dc1c30022d5a) Importer(815301076,1909f56bfc062723c751e8b465ee728b)
Start importing Assets/MyShader/Char using Guid(6b90ecc6667e06a4db17dc1c30022d5a) Importer(815301076,1909f56bfc062723c751e8b465ee728b)  -> (artifact id: '2c5da4a7e48555fd1601c24019ab3e8e') in 0.013318 seconds 
  Import took 0.044855 seconds .

========================================================================
Received Import Request.
  Time since last request: 5.751012 seconds.
  path: Assets/MyShader/Char/Sitting.fbx
  artifactKey: Guid(2f8dce796b56aaf468e0b5b064f12b7e) Importer(815301076,1909f56bfc062723c751e8b465ee728b)
Start importing Assets/MyShader/Char/Sitting.fbx using Guid(2f8dce796b56aaf468e0b5b064f12b7e) Importer(815301076,1909f56bfc062723c751e8b465ee728b)  -> (artifact id: 'a0a7e99dd3d055ff8d7b326cd6854ac2') in 0.149430 seconds 
  Import took 0.179426 seconds .

========================================================================
Received Import Request.
  Time since last request: 227.880943 seconds.
  path: Assets/MyShader/Char/Sitting.fbx
  artifactKey: Guid(2f8dce796b56aaf468e0b5b064f12b7e) Importer(815301076,1909f56bfc062723c751e8b465ee728b)
Start importing Assets/MyShader/Char/Sitting.fbx using Guid(2f8dce796b56aaf468e0b5b064f12b7e) Importer(815301076,1909f56bfc062723c751e8b465ee728b)  -> (artifact id: '3941edd401e6eef61f3ce97aeca360fc') in 0.115004 seconds 
  Import took 0.121619 seconds .

========================================================================
Received Import Request.
  Time since last request: 237.285830 seconds.
  path: Assets/MyShader/Char/Sitting.fbx
  artifactKey: Guid(2f8dce796b56aaf468e0b5b064f12b7e) Importer(815301076,1909f56bfc062723c751e8b465ee728b)
Start importing Assets/MyShader/Char/Sitting.fbx using Guid(2f8dce796b56aaf468e0b5b064f12b7e) Importer(815301076,1909f56bfc062723c751e8b465ee728b)  -> (artifact id: '78ab5561dee83d5ed2b0c98a813464ef') in 0.104845 seconds 
  Import took 0.113704 seconds .

========================================================================
Received Import Request.
  Time since last request: 409.673039 seconds.
  path: Assets/MyShader/Char/New Animator Controller.controller
  artifactKey: Guid(e068fc49281a8a349ae4bc1ed1c27e03) Importer(815301076,1909f56bfc062723c751e8b465ee728b)
Start importing Assets/MyShader/Char/New Animator Controller.controller using Guid(e068fc49281a8a349ae4bc1ed1c27e03) Importer(815301076,1909f56bfc062723c751e8b465ee728b)  -> (artifact id: '15409bc0b20eb49268ac93c235400ce1') in 0.028519 seconds 
  Import took 0.046673 seconds .

========================================================================
Received Import Request.
  Time since last request: 63.670937 seconds.
  path: Assets/MyShader/Char/New Animator Controller.controller
  artifactKey: Guid(e068fc49281a8a349ae4bc1ed1c27e03) Importer(815301076,1909f56bfc062723c751e8b465ee728b)
Start importing Assets/MyShader/Char/New Animator Controller.controller using Guid(e068fc49281a8a349ae4bc1ed1c27e03) Importer(815301076,1909f56bfc062723c751e8b465ee728b)  -> (artifact id: '7a3dc713765c888950497bb9cb2fc5b5') in 0.005155 seconds 
  Import took 0.035870 seconds .

========================================================================
Received Import Request.
  Time since last request: 397.155662 seconds.
  path: Assets/MyShader/Char/Sitting.fbx
  artifactKey: Guid(2f8dce796b56aaf468e0b5b064f12b7e) Importer(815301076,1909f56bfc062723c751e8b465ee728b)
Start importing Assets/MyShader/Char/Sitting.fbx using Guid(2f8dce796b56aaf468e0b5b064f12b7e) Importer(815301076,1909f56bfc062723c751e8b465ee728b)  -> (artifact id: 'ae3922976027c4ab78c04df8261ac802') in 0.119037 seconds 
  Import took 0.128763 seconds .

========================================================================
Received Prepare
Registering precompiled user dll's ...
Registered in 0.114910 seconds.
Begin MonoManager ReloadAssembly
Native extension for WindowsStandalone target not found
Native extension for WebGL target not found
Refreshing native plugins compatible for Editor in 1.30 ms, found 2 plugins.
Preloading 0 native plugins for Editor in 0.00 ms.
Mono: successfully reloaded assembly
- Completed reload, in  2.644 seconds
Domain Reload Profiling:
	ReloadAssembly (2645ms)
		BeginReloadAssembly (248ms)
			ExecutionOrderSort (0ms)
			DisableScriptedObjects (16ms)
			BackupInstance (0ms)
			ReleaseScriptingObjects (0ms)
			CreateAndSetChildDomain (91ms)
		EndReloadAssembly (2254ms)
			LoadAssemblies (215ms)
			RebuildTransferFunctionScriptingTraits (0ms)
			SetupTypeCache (788ms)
			ReleaseScriptCaches (3ms)
			RebuildScriptCaches (101ms)
			SetupLoadedEditorAssemblies (711ms)
				LogAssemblyErrors (0ms)
				InitializePlatformSupportModulesInManaged (11ms)
				SetLoadedEditorAssemblies (1ms)
				RefreshPlugins (2ms)
				BeforeProcessingInitializeOnLoad (211ms)
				ProcessInitializeOnLoadAttributes (463ms)
				ProcessInitializeOnLoadMethodAttributes (19ms)
				AfterProcessingInitializeOnLoad (4ms)
				EditorAssembliesLoaded (0ms)
			ExecutionOrderSort2 (0ms)
			AwakeInstancesAfterBackupRestoration (45ms)
Platform modules already initialized, skipping
Refreshing native plugins compatible for Editor in 1.10 ms, found 2 plugins.
Preloading 0 native plugins for Editor in 0.00 ms.
Unloading 2833 Unused Serialized files (Serialized files now loaded: 0)
System memory in use before: 143.5 MB.
System memory in use after: 143.8 MB.

Unloading 15 unused Assets to reduce memory usage. Loaded Objects now: 3506.
Total: 8.634000 ms (FindLiveObjects: 1.354500 ms CreateObjectMapping: 0.557100 ms MarkObjects: 6.680900 ms  DeleteObjects: 0.039400 ms)

AssetImportParameters requested are different than current active one (requested -> active):
  custom:framework-win-MediaFoundation: 216162199b28c13a410421893ffa2e32 -> 
  custom:video-decoder-ogg-theora: a1e56fd34408186e4bbccfd4996cb3dc -> 
  custom:container-muxer-webm: aa71ff27fc2769a1b78a27578f13a17b -> 
  custom:container-demuxer-webm: 4f35f7cbe854078d1ac9338744f61a02 -> 
  custom:container-demuxer-ogg: 62fdf1f143b41e24485cea50d1cbac27 -> 
  custom:video-encoder-webm-vp8: eb34c28f22e8b96e1ab97ce403110664 -> 
  custom:video-decoder-webm-vp8: 9c59270c3fd7afecdb556c50c9e8de78 -> 
  custom:audio-decoder-ogg-vorbis: bf7c407c2cedff20999df2af8eb42d56 -> 
  custom:audio-encoder-webm-vorbis: bf7c407c2cedff20999df2af8eb42d56 -> 
AssetImportWorkerClient::OnTransportError - code=2 error=End of file
